TrimmomaticPE: Started with arguments:
 -phred33 /projects/bgmp/ewi/bioinfo/Bi623/Assignments/QAA/Campylomormyrus_rhynchophorus_rhy49_electric_organ_adult/r1_ADAPTER_REMOVED.fastq.gz /projects/bgmp/ewi/bioinfo/Bi623/Assignments/QAA/Campylomormyrus_rhynchophorus_rhy49_electric_organ_adult/r2_ADAPTER_REMOVED.fastq.gz /projects/bgmp/ewi/bioinfo/Bi623/Assignments/QAA/Campylomormyrus_rhynchophorus_rhy49_electric_organ_adult/r1_ADAPTER_REMOVED_paired.fastq.gz /projects/bgmp/ewi/bioinfo/Bi623/Assignments/QAA/Campylomormyrus_rhynchophorus_rhy49_electric_organ_adult/r1_ADAPTER_REMOVED_unpaired.fastq.gz /projects/bgmp/ewi/bioinfo/Bi623/Assignments/QAA/Campylomormyrus_rhynchophorus_rhy49_electric_organ_adult/r2_ADAPTER_REMOVED_paired.fastq.gz /projects/bgmp/ewi/bioinfo/Bi623/Assignments/QAA/Campylomormyrus_rhynchophorus_rhy49_electric_organ_adult/r2_ADAPTER_REMOVED_unpaired.fastq.gz LEADING:3 TRAILING:3 SLIDINGWINDOW:5:15 MINLEN:35
Input Read Pairs: 42642172 Both Surviving: 42293213 (99.18%) Forward Only Surviving: 246143 (0.58%) Reverse Only Surviving: 90999 (0.21%) Dropped: 11817 (0.03%)
TrimmomaticPE: Completed successfully
	Command being timed: "java -jar /home/ewi/miniforge3/envs/QAA/share/trimmomatic-0.40-0/trimmomatic.jar PE -phred33 /projects/bgmp/ewi/bioinfo/Bi623/Assignments/QAA/Campylomormyrus_rhynchophorus_rhy49_electric_organ_adult/r1_ADAPTER_REMOVED.fastq.gz /projects/bgmp/ewi/bioinfo/Bi623/Assignments/QAA/Campylomormyrus_rhynchophorus_rhy49_electric_organ_adult/r2_ADAPTER_REMOVED.fastq.gz /projects/bgmp/ewi/bioinfo/Bi623/Assignments/QAA/Campylomormyrus_rhynchophorus_rhy49_electric_organ_adult/r1_ADAPTER_REMOVED_paired.fastq.gz /projects/bgmp/ewi/bioinfo/Bi623/Assignments/QAA/Campylomormyrus_rhynchophorus_rhy49_electric_organ_adult/r1_ADAPTER_REMOVED_unpaired.fastq.gz /projects/bgmp/ewi/bioinfo/Bi623/Assignments/QAA/Campylomormyrus_rhynchophorus_rhy49_electric_organ_adult/r2_ADAPTER_REMOVED_paired.fastq.gz /projects/bgmp/ewi/bioinfo/Bi623/Assignments/QAA/Campylomormyrus_rhynchophorus_rhy49_electric_organ_adult/r2_ADAPTER_REMOVED_unpaired.fastq.gz LEADING:3 TRAILING:3 SLIDINGWINDOW:5:15 MINLEN:35"
	User time (seconds): 3156.88
	System time (seconds): 54.18
	Percent of CPU this job got: 99%
	Elapsed (wall clock) time (h:mm:ss or m:ss): 53:32.66
	Average shared text size (kbytes): 0
	Average unshared data size (kbytes): 0
	Average stack size (kbytes): 0
	Average total size (kbytes): 0
	Maximum resident set size (kbytes): 2075560
	Average resident set size (kbytes): 0
	Major (requiring I/O) page faults: 0
	Minor (reclaiming a frame) page faults: 211757
	Voluntary context switches: 123839
	Involuntary context switches: 11958
	Swaps: 0
	File system inputs: 0
	File system outputs: 9896
	Socket messages sent: 0
	Socket messages received: 0
	Signals delivered: 0
	Page size (bytes): 4096
	Exit status: 0
TrimmomaticPE: Started with arguments:
 -phred33 /projects/bgmp/ewi/bioinfo/Bi623/Assignments/QAA/Campylomormyrus_rhynchophorus_rhy106_electric_organ_adult/r1_ADAPTER_REMOVED.fastq.gz /projects/bgmp/ewi/bioinfo/Bi623/Assignments/QAA/Campylomormyrus_rhynchophorus_rhy106_electric_organ_adult/r2_ADAPTER_REMOVED.fastq.gz /projects/bgmp/ewi/bioinfo/Bi623/Assignments/QAA/Campylomormyrus_rhynchophorus_rhy106_electric_organ_adult/r1_ADAPTER_REMOVED_paired.fastq.gz /projects/bgmp/ewi/bioinfo/Bi623/Assignments/QAA/Campylomormyrus_rhynchophorus_rhy106_electric_organ_adult/r2_ADAPTER_REMOVED_paired.fastq.gz /projects/bgmp/ewi/bioinfo/Bi623/Assignments/QAA/Campylomormyrus_rhynchophorus_rhy106_electric_organ_adult/r2_ADAPTER_REMOVED_unpaired.fastq.gz LEADING:3 TRAILING:3 SLIDINGWINDOW:5:15 MINLEN:35
TrimmomaticPE: Started with arguments:
 -phred33 /projects/bgmp/ewi/bioinfo/Bi623/Assignments/QAA/Campylomormyrus_rhynchophorus_rhy106_electric_organ_adult/r1_ADAPTER_REMOVED.fastq.gz /projects/bgmp/ewi/bioinfo/Bi623/Assignments/QAA/Campylomormyrus_rhynchophorus_rhy106_electric_organ_adult/r2_ADAPTER_REMOVED.fastq.gz /projects/bgmp/ewi/bioinfo/Bi623/Assignments/QAA/Campylomormyrus_rhynchophorus_rhy106_electric_organ_adult/r1_ADAPTER_REMOVED_paired.fastq.gz /projects/bgmp/ewi/bioinfo/Bi623/Assignments/QAA/Campylomormyrus_rhynchophorus_rhy106_electric_organ_adult/r1_ADAPTER_REMOVED_unpaired.fastq.gz /projects/bgmp/ewi/bioinfo/Bi623/Assignments/QAA/Campylomormyrus_rhynchophorus_rhy106_electric_organ_adult/r2_ADAPTER_REMOVED_paired.fastq.gz /projects/bgmp/ewi/bioinfo/Bi623/Assignments/QAA/Campylomormyrus_rhynchophorus_rhy106_electric_organ_adult/r2_ADAPTER_REMOVED_unpaired.fastq.gz LEADING:3 TRAILING:3 SLIDINGWINDOW:5:15 MINLEN:35
Input Read Pairs: 42944774 Both Surviving: 42581766 (99.15%) Forward Only Surviving: 246320 (0.57%) Reverse Only Surviving: 92812 (0.22%) Dropped: 23876 (0.06%)
TrimmomaticPE: Completed successfully
	Command being timed: "java -jar /home/ewi/miniforge3/envs/QAA/share/trimmomatic-0.40-0/trimmomatic.jar PE -phred33 /projects/bgmp/ewi/bioinfo/Bi623/Assignments/QAA/Campylomormyrus_rhynchophorus_rhy106_electric_organ_adult/r1_ADAPTER_REMOVED.fastq.gz /projects/bgmp/ewi/bioinfo/Bi623/Assignments/QAA/Campylomormyrus_rhynchophorus_rhy106_electric_organ_adult/r2_ADAPTER_REMOVED.fastq.gz /projects/bgmp/ewi/bioinfo/Bi623/Assignments/QAA/Campylomormyrus_rhynchophorus_rhy106_electric_organ_adult/r1_ADAPTER_REMOVED_paired.fastq.gz /projects/bgmp/ewi/bioinfo/Bi623/Assignments/QAA/Campylomormyrus_rhynchophorus_rhy106_electric_organ_adult/r1_ADAPTER_REMOVED_unpaired.fastq.gz /projects/bgmp/ewi/bioinfo/Bi623/Assignments/QAA/Campylomormyrus_rhynchophorus_rhy106_electric_organ_adult/r2_ADAPTER_REMOVED_paired.fastq.gz /projects/bgmp/ewi/bioinfo/Bi623/Assignments/QAA/Campylomormyrus_rhynchophorus_rhy106_electric_organ_adult/r2_ADAPTER_REMOVED_unpaired.fastq.gz LEADING:3 TRAILING:3 SLIDINGWINDOW:5:15 MINLEN:35"
	User time (seconds): 3102.49
	System time (seconds): 52.93
	Percent of CPU this job got: 99%
	Elapsed (wall clock) time (h:mm:ss or m:ss): 52:36.76
	Average shared text size (kbytes): 0
	Average unshared data size (kbytes): 0
	Average stack size (kbytes): 0
	Average total size (kbytes): 0
	Maximum resident set size (kbytes): 2077004
	Average resident set size (kbytes): 0
	Major (requiring I/O) page faults: 0
	Minor (reclaiming a frame) page faults: 217486
	Voluntary context switches: 123896
	Involuntary context switches: 1988
	Swaps: 0
	File system inputs: 0
	File system outputs: 4472
	Socket messages sent: 0
	Socket messages received: 0
	Signals delivered: 0
	Page size (bytes): 4096
	Exit status: 0
