	Command being timed: "STAR --runThreadN 8 --runMode genomeGenerate --genomeSAindexNbases 13 --genomeDir Campylomormyrus_compressirostris.STAR_2.7.11b --genomeFastaFiles /projects/bgmp/ewi/bioinfo/Bi623/Assignments/QAA/campylomormyrus.fasta --sjdbGTFfile /projects/bgmp/ewi/bioinfo/Bi623/Assignments/QAA/campylomormyrus.gtf"
	User time (seconds): 1499.17
	System time (seconds): 21.42
	Percent of CPU this job got: 449%
	Elapsed (wall clock) time (h:mm:ss or m:ss): 5:38.44
	Average shared text size (kbytes): 0
	Average unshared data size (kbytes): 0
	Average stack size (kbytes): 0
	Average total size (kbytes): 0
	Maximum resident set size (kbytes): 25562660
	Average resident set size (kbytes): 0
	Major (requiring I/O) page faults: 0
	Minor (reclaiming a frame) page faults: 8242284
	Voluntary context switches: 6100
	Involuntary context switches: 2477
	Swaps: 0
	File system inputs: 0
	File system outputs: 0
	Socket messages sent: 0
	Socket messages received: 0
	Signals delivered: 0
	Page size (bytes): 4096
	Exit status: 0
