	/gpfs/home/ewi/miniforge3/envs/QAA/bin/STAR-avx2 --runThreadN 8 --runMode genomeGenerate --genomeDir Campylomormyrus_compressirostris.STAR_2.7.11b --genomeFastaFiles /projects/bgmp/ewi/bioinfo/Bi623/Assignments/QAA/campylomormyrus.fasta --sjdbGTFfile /projects/bgmp/ewi/bioinfo/Bi623/Assignments/QAA/campylomormyrus.gtf
	STAR version: 2.7.11b   compiled: 2025-07-24T03:06:21+0000 :/opt/conda/conda-bld/star_1753326220084/work/source
Sep 06 20:40:49 ..... started STAR run
Sep 06 20:40:49 ... starting to generate Genome files
Sep 06 20:40:57 ..... processing annotations GTF
!!!!! WARNING: --genomeSAindexNbases 14 is too large for the genome size=862592683, which may cause seg-fault at the mapping step. Re-run genome generation with recommended --genomeSAindexNbases 13
Sep 06 20:41:03 ... starting to sort Suffix Array. This may take a long time...
Sep 06 20:41:07 ... sorting Suffix Array chunks and saving them to disk...
Sep 06 20:43:49 ... loading chunks from disk, packing SA...
Sep 06 20:44:04 ... finished generating suffix array
Sep 06 20:44:04 ... generating Suffix Array index
Sep 06 20:45:57 ... completed Suffix Array index
Sep 06 20:45:57 ..... inserting junctions into the genome indices
Sep 06 20:47:33 ... writing Genome to disk ...
Sep 06 20:47:33 ... writing Suffix Array to disk ...
Sep 06 20:47:35 ... writing SAindex to disk
Sep 06 20:47:36 ..... finished successfully
	Command being timed: "STAR --runThreadN 8 --runMode genomeGenerate --genomeDir Campylomormyrus_compressirostris.STAR_2.7.11b --genomeFastaFiles /projects/bgmp/ewi/bioinfo/Bi623/Assignments/QAA/campylomormyrus.fasta --sjdbGTFfile /projects/bgmp/ewi/bioinfo/Bi623/Assignments/QAA/campylomormyrus.gtf"
	User time (seconds): 1573.42
	System time (seconds): 22.59
	Percent of CPU this job got: 391%
	Elapsed (wall clock) time (h:mm:ss or m:ss): 6:47.23
	Average shared text size (kbytes): 0
	Average unshared data size (kbytes): 0
	Average stack size (kbytes): 0
	Average total size (kbytes): 0
	Maximum resident set size (kbytes): 25734276
	Average resident set size (kbytes): 0
	Major (requiring I/O) page faults: 0
	Minor (reclaiming a frame) page faults: 8747128
	Voluntary context switches: 6351
	Involuntary context switches: 2711
	Swaps: 0
	File system inputs: 0
	File system outputs: 0
	Socket messages sent: 0
	Socket messages received: 0
	Signals delivered: 0
	Page size (bytes): 4096
	Exit status: 0
done
