	Command being timed: "./histogram_generator_part1.py /projects/bgmp/ewi/bioinfo/Bi623/Assignments/QAA/Campylomormyrus_rhynchophorus_rhy49_electric_organ_adult/3.1Gb_SAMN36981042_1.fastq.gz /projects/bgmp/ewi/bioinfo/Bi623/Assignments/QAA/Campylomormyrus_rhynchophorus_rhy49_electric_organ_adult/3.2Gb_SAMN36981042_2.fastq.gz /projects/bgmp/ewi/bioinfo/Bi623/Assignments/QAA/Campylomormyrus_rhynchophorus_rhy106_electric_organ_adult/3.1Gb_SAMN36982003_1.fastq.gz /projects/bgmp/ewi/bioinfo/Bi623/Assignments/QAA/Campylomormyrus_rhynchophorus_rhy106_electric_organ_adult/3.1Gb_SAMN36982003_2.fastq.gz"
	User time (seconds): 8200.04
	System time (seconds): 5.02
	Percent of CPU this job got: 99%
	Elapsed (wall clock) time (h:mm:ss or m:ss): 2:17:08
	Average shared text size (kbytes): 0
	Average unshared data size (kbytes): 0
	Average stack size (kbytes): 0
	Average total size (kbytes): 0
	Maximum resident set size (kbytes): 75816
	Average resident set size (kbytes): 0
	Major (requiring I/O) page faults: 0
	Minor (reclaiming a frame) page faults: 84561
	Voluntary context switches: 1985
	Involuntary context switches: 2442
	Swaps: 0
	File system inputs: 0
	File system outputs: 0
	Socket messages sent: 0
	Socket messages received: 0
	Signals delivered: 0
	Page size (bytes): 4096
	Exit status: 0
	Command being timed: "./histogram_generator_part2.py processed_data_p1.txt"
	User time (seconds): 2.54
	System time (seconds): 0.12
	Percent of CPU this job got: 49%
	Elapsed (wall clock) time (h:mm:ss or m:ss): 0:05.37
	Average shared text size (kbytes): 0
	Average unshared data size (kbytes): 0
	Average stack size (kbytes): 0
	Average total size (kbytes): 0
	Maximum resident set size (kbytes): 73588
	Average resident set size (kbytes): 0
	Major (requiring I/O) page faults: 0
	Minor (reclaiming a frame) page faults: 25338
	Voluntary context switches: 1849
	Involuntary context switches: 25
	Swaps: 0
	File system inputs: 0
	File system outputs: 0
	Socket messages sent: 0
	Socket messages received: 0
	Signals delivered: 0
	Page size (bytes): 4096
	Exit status: 0
