	Command being timed: "cutadapt -a AGATCGGAAGAGCACACGTCTGAACTCCAGTCA -A AGATCGGAAGAGCGTCGTGTAGGGAAAGAGTGT -o /projects/bgmp/ewi/bioinfo/Bi623/Assignments/QAA/Campylomormyrus_rhynchophorus_rhy49_electric_organ_adult/r1_ADAPTER_REMOVED.fastq.gz -p /projects/bgmp/ewi/bioinfo/Bi623/Assignments/QAA/Campylomormyrus_rhynchophorus_rhy49_electric_organ_adult/r2_ADAPTER_REMOVED.fastq.gz /projects/bgmp/ewi/bioinfo/Bi623/Assignments/QAA/Campylomormyrus_rhynchophorus_rhy49_electric_organ_adult/3.1Gb_SAMN36981042_1.fastq.gz /projects/bgmp/ewi/bioinfo/Bi623/Assignments/QAA/Campylomormyrus_rhynchophorus_rhy49_electric_organ_adult/3.2Gb_SAMN36981042_2.fastq.gz"
	User time (seconds): 464.84
	System time (seconds): 2.76
	Percent of CPU this job got: 99%
	Elapsed (wall clock) time (h:mm:ss or m:ss): 7:51.43
	Average shared text size (kbytes): 0
	Average unshared data size (kbytes): 0
	Average stack size (kbytes): 0
	Average total size (kbytes): 0
	Maximum resident set size (kbytes): 38096
	Average resident set size (kbytes): 0
	Major (requiring I/O) page faults: 0
	Minor (reclaiming a frame) page faults: 7574
	Voluntary context switches: 2600
	Involuntary context switches: 246
	Swaps: 0
	File system inputs: 0
	File system outputs: 0
	Socket messages sent: 0
	Socket messages received: 0
	Signals delivered: 0
	Page size (bytes): 4096
	Exit status: 0
	Command being timed: "cutadapt -a AGATCGGAAGAGCACACGTCTGAACTCCAGTCA -A AGATCGGAAGAGCGTCGTGTAGGGAAAGAGTGT -o /projects/bgmp/ewi/bioinfo/Bi623/Assignments/QAA/Campylomormyrus_rhynchophorus_rhy106_electric_organ_adult/r1_ADAPTER_REMOVED.fastq.gz -p /projects/bgmp/ewi/bioinfo/Bi623/Assignments/QAA/Campylomormyrus_rhynchophorus_rhy106_electric_organ_adult/r2_ADAPTER_REMOVED.fastq.gz /projects/bgmp/ewi/bioinfo/Bi623/Assignments/QAA/Campylomormyrus_rhynchophorus_rhy106_electric_organ_adult/3.1Gb_SAMN36982003_1.fastq.gz /projects/bgmp/ewi/bioinfo/Bi623/Assignments/QAA/Campylomormyrus_rhynchophorus_rhy106_electric_organ_adult/3.1Gb_SAMN36982003_2.fastq.gz"
	User time (seconds): 502.75
	System time (seconds): 2.65
	Percent of CPU this job got: 99%
	Elapsed (wall clock) time (h:mm:ss or m:ss): 8:26.96
	Average shared text size (kbytes): 0
	Average unshared data size (kbytes): 0
	Average stack size (kbytes): 0
	Average total size (kbytes): 0
	Maximum resident set size (kbytes): 38284
	Average resident set size (kbytes): 0
	Major (requiring I/O) page faults: 0
	Minor (reclaiming a frame) page faults: 7098
	Voluntary context switches: 1898
	Involuntary context switches: 221
	Swaps: 0
	File system inputs: 0
	File system outputs: 0
	Socket messages sent: 0
	Socket messages received: 0
	Signals delivered: 0
	Page size (bytes): 4096
	Exit status: 0
