trimmer #1 is running.
This is cutadapt 5.1 with Python 3.12.11
Command line parameters: -a AGATCGGAAGAGCACACGTCTGAACTCCAGTCA -A AGATCGGAAGAGCGTCGTGTAGGGAAAGAGTGT -o /projects/bgmp/ewi/bioinfo/Bi623/Assignments/QAA/Campylomormyrus_rhynchophorus_rhy49_electric_organ_adult/r1_ADAPTER_REMOVED.fastq.gz -p /projects/bgmp/ewi/bioinfo/Bi623/Assignments/QAA/Campylomormyrus_rhynchophorus_rhy49_electric_organ_adult/r2_ADAPTER_REMOVED.fastq.gz /projects/bgmp/ewi/bioinfo/Bi623/Assignments/QAA/Campylomormyrus_rhynchophorus_rhy49_electric_organ_adult/3.1Gb_SAMN36981042_1.fastq.gz /projects/bgmp/ewi/bioinfo/Bi623/Assignments/QAA/Campylomormyrus_rhynchophorus_rhy49_electric_organ_adult/3.2Gb_SAMN36981042_2.fastq.gz
Processing paired-end reads on 1 core ...

=== Summary ===

Total read pairs processed:         42,642,172
  Read 1 with adapter:               3,395,366 (8.0%)
  Read 2 with adapter:               3,704,437 (8.7%)
Pairs written (passing filters):    42,642,172 (100.0%)

Total basepairs processed: 12,792,651,600 bp
  Read 1: 6,396,325,800 bp
  Read 2: 6,396,325,800 bp
Total written (filtered):  12,688,900,106 bp (99.2%)
  Read 1: 6,345,053,997 bp
  Read 2: 6,343,846,109 bp

=== First read: Adapter 1 ===

Sequence: AGATCGGAAGAGCACACGTCTGAACTCCAGTCA; Type: regular 3'; Length: 33; Trimmed: 3395366 times

Minimum overlap: 3
No. of allowed errors:
1-9 bp: 0; 10-19 bp: 1; 20-29 bp: 2; 30-33 bp: 3

Bases preceding removed adapters:
  A: 14.4%
  C: 25.4%
  G: 44.7%
  T: 15.4%
  none/other: 0.0%

Overview of removed sequences
length	count	expect	max.err	error counts
3	782218	666283.9	0	782218
4	266503	166571.0	0	266503
5	138600	41642.7	0	138600
6	106415	10410.7	0	106415
7	100175	2602.7	0	100175
8	94885	650.7	0	94885
9	93833	162.7	0	93227 606
10	92577	40.7	1	88795 3782
11	91254	10.2	1	87528 3726
12	86402	2.5	1	82733 3669
13	85243	0.6	1	81563 3680
14	84467	0.2	1	80625 3842
15	80480	0.0	1	76431 4049
16	75071	0.0	1	71301 3770
17	70949	0.0	1	67359 3590
18	65944	0.0	1	62086 3816 42
19	64698	0.0	1	60642 3986 70
20	63170	0.0	2	58767 3734 669
21	59211	0.0	2	54976 3507 728
22	58435	0.0	2	54045 3631 759
23	55461	0.0	2	51318 3422 721
24	53660	0.0	2	49627 3313 720
25	49632	0.0	2	45671 3265 696
26	46661	0.0	2	42861 3167 633
27	44767	0.0	2	41044 3015 689 19
28	42060	0.0	2	38419 2964 646 31
29	39158	0.0	2	35687 2877 573 21
30	36311	0.0	3	32873 2637 543 258
31	35148	0.0	3	31799 2566 540 243
32	33242	0.0	3	29920 2507 539 276
33	30904	0.0	3	27839 2392 425 248
34	29779	0.0	3	26855 2217 487 220
35	27583	0.0	3	24848 2095 428 212
36	25711	0.0	3	23194 1936 391 190
37	24735	0.0	3	22369 1817 389 160
38	22368	0.0	3	20111 1726 321 210
39	20817	0.0	3	18792 1535 322 168
40	19438	0.0	3	17515 1477 301 145
41	17873	0.0	3	16107 1345 280 141
42	16220	0.0	3	14658 1187 248 127
43	15022	0.0	3	13580 1110 220 112
44	14200	0.0	3	12858 998 226 118
45	12711	0.0	3	11453 933 216 109
46	11732	0.0	3	10592 880 176 84
47	10883	0.0	3	9817 805 177 84
48	9229	0.0	3	8348 653 152 76
49	8947	0.0	3	7985 678 171 113
50	7801	0.0	3	7025 594 121 61
51	6830	0.0	3	6220 468 84 58
52	6430	0.0	3	5791 467 120 52
53	5890	0.0	3	5290 435 111 54
54	5310	0.0	3	4764 393 99 54
55	4996	0.0	3	4442 389 110 55
56	4166	0.0	3	3716 317 86 47
57	3747	0.0	3	3349 284 73 41
58	3363	0.0	3	3039 224 69 31
59	2972	0.0	3	2643 229 62 38
60	2717	0.0	3	2420 199 53 45
61	2431	0.0	3	2162 178 53 38
62	2126	0.0	3	1869 160 54 43
63	1815	0.0	3	1591 148 47 29
64	1692	0.0	3	1460 147 47 38
65	1559	0.0	3	1369 114 47 29
66	1392	0.0	3	1190 119 46 37
67	1245	0.0	3	1058 104 53 30
68	1060	0.0	3	869 118 44 29
69	904	0.0	3	748 90 29 37
70	869	0.0	3	718 84 40 27
71	722	0.0	3	600 65 29 28
72	653	0.0	3	531 61 34 27
73	628	0.0	3	502 58 34 34
74	578	0.0	3	453 64 33 28
75	498	0.0	3	399 55 28 16
76	448	0.0	3	332 53 42 21
77	464	0.0	3	330 67 37 30
78	457	0.0	3	309 64 41 43
79	375	0.0	3	269 58 24 24
80	342	0.0	3	236 52 26 28
81	275	0.0	3	196 34 28 17
82	274	0.0	3	180 39 35 20
83	236	0.0	3	148 41 27 20
84	253	0.0	3	149 49 27 28
85	213	0.0	3	129 42 21 21
86	187	0.0	3	119 39 16 13
87	203	0.0	3	123 33 25 22
88	171	0.0	3	107 28 24 12
89	171	0.0	3	112 28 17 14
90	227	0.0	3	127 39 28 33
91	166	0.0	3	97 30 20 19
92	179	0.0	3	118 25 19 17
93	156	0.0	3	90 33 21 12
94	184	0.0	3	102 34 21 27
95	211	0.0	3	107 44 34 26
96	143	0.0	3	77 21 23 22
97	144	0.0	3	80 25 23 16
98	138	0.0	3	78 26 19 15
99	129	0.0	3	75 23 20 11
100	117	0.0	3	63 11 23 20
101	143	0.0	3	68 36 27 12
102	116	0.0	3	64 23 10 19
103	111	0.0	3	66 18 16 11
104	129	0.0	3	62 25 27 15
105	151	0.0	3	89 21 24 17
106	89	0.0	3	42 19 13 15
107	74	0.0	3	38 13 12 11
108	78	0.0	3	49 11 5 13
109	90	0.0	3	53 15 16 6
110	76	0.0	3	51 16 7 2
111	93	0.0	3	48 18 15 12
112	88	0.0	3	46 20 10 12
113	53	0.0	3	23 11 8 11
114	56	0.0	3	31 8 7 10
115	66	0.0	3	29 16 8 13
116	54	0.0	3	29 10 8 7
117	71	0.0	3	40 15 8 8
118	75	0.0	3	44 11 10 10
119	50	0.0	3	23 10 9 8
120	74	0.0	3	43 14 7 10
121	82	0.0	3	50 16 5 11
122	40	0.0	3	21 6 9 4
123	37	0.0	3	19 11 3 4
124	27	0.0	3	16 6 4 1
125	26	0.0	3	14 4 6 2
126	29	0.0	3	17 4 6 2
127	35	0.0	3	22 6 5 2
128	22	0.0	3	14 4 1 3
129	25	0.0	3	16 5 2 2
130	10	0.0	3	6 3 0 1
131	15	0.0	3	11 2 1 1
132	11	0.0	3	6 4 1
133	10	0.0	3	7 3
134	13	0.0	3	8 3 2
135	4	0.0	3	2 1 0 1
136	6	0.0	3	1 2 3
137	1	0.0	3	0 0 0 1
138	2	0.0	3	2
139	4	0.0	3	2 1 0 1
141	4	0.0	3	1 0 2 1
142	2	0.0	3	2
143	1	0.0	3	0 0 0 1
144	1	0.0	3	1
145	1	0.0	3	0 0 1
146	1	0.0	3	1
147	4	0.0	3	2 0 2
150	177	0.0	3	0 163 13 1


=== Second read: Adapter 2 ===

Sequence: AGATCGGAAGAGCGTCGTGTAGGGAAAGAGTGT; Type: regular 3'; Length: 33; Trimmed: 3704437 times

Minimum overlap: 3
No. of allowed errors:
1-9 bp: 0; 10-19 bp: 1; 20-29 bp: 2; 30-33 bp: 3

Bases preceding removed adapters:
  A: 13.5%
  C: 23.9%
  G: 50.2%
  T: 12.4%
  none/other: 0.0%

Overview of removed sequences
length	count	expect	max.err	error counts
3	1045592	666283.9	0	1045592
4	288290	166571.0	0	288290
5	145965	41642.7	0	145965
6	110454	10410.7	0	110454
7	102370	2602.7	0	102370
8	96522	650.7	0	96522
9	94135	162.7	0	92791 1344
10	93418	40.7	1	88900 4518
11	92829	10.2	1	88605 4224
12	86909	2.5	1	83539 3370
13	86891	0.6	1	83311 3580
14	84764	0.2	1	81335 3429
15	80717	0.0	1	77476 3241
16	75859	0.0	1	72755 3104
17	71052	0.0	1	68007 3045
18	66369	0.0	1	62215 4154
19	64864	0.0	1	60744 4077 43
20	63236	0.0	2	56987 5155 1094
21	59171	0.0	2	52892 5156 1123
22	58362	0.0	2	51958 5323 1081
23	55480	0.0	2	49705 4757 1018
24	53530	0.0	2	48133 4511 886
25	49600	0.0	2	44136 4491 973
26	46503	0.0	2	40101 5240 1162
27	44567	0.0	2	38104 5282 1179 2
28	41978	0.0	2	35542 5251 1180 5
29	38969	0.0	2	33158 4667 1120 24
30	36324	0.0	3	30521 4455 965 383
31	35147	0.0	3	29821 4045 932 349
32	33243	0.0	3	28381 3639 888 335
33	30936	0.0	3	26351 3457 823 305
34	29715	0.0	3	25267 3430 742 276
35	27607	0.0	3	23514 3119 698 276
36	25709	0.0	3	21980 2754 690 285
37	24722	0.0	3	21197 2655 637 233
38	22401	0.0	3	19135 2454 571 241
39	20787	0.0	3	17850 2237 490 210
40	19447	0.0	3	16785 2031 451 180
41	17901	0.0	3	15420 1841 463 177
42	16197	0.0	3	13980 1683 377 157
43	15072	0.0	3	13079 1427 409 157
44	14272	0.0	3	12255 1436 373 208
45	12707	0.0	3	10919 1324 331 133
46	11742	0.0	3	10160 1190 264 128
47	10916	0.0	3	9435 1103 265 113
48	9285	0.0	3	8048 902 248 87
49	9029	0.0	3	7731 915 242 141
50	7857	0.0	3	6765 799 195 98
51	6839	0.0	3	5948 671 141 79
52	6491	0.0	3	5636 619 160 76
53	5925	0.0	3	5152 544 155 74
54	5373	0.0	3	4655 504 139 75
55	5092	0.0	3	4352 522 141 77
56	4220	0.0	3	3656 398 98 68
57	3772	0.0	3	3246 349 103 74
58	3397	0.0	3	2971 309 78 39
59	3011	0.0	3	2587 268 88 68
60	2813	0.0	3	2387 250 100 76
61	2472	0.0	3	2106 243 68 55
62	2181	0.0	3	1847 202 83 49
63	1871	0.0	3	1576 190 58 47
64	1733	0.0	3	1440 183 62 48
65	1581	0.0	3	1321 166 51 43
66	1459	0.0	3	1173 154 79 53
67	1295	0.0	3	1062 136 53 44
68	1135	0.0	3	884 140 64 47
69	957	0.0	3	775 109 40 33
70	929	0.0	3	724 104 61 40
71	742	0.0	3	581 87 49 25
72	703	0.0	3	525 96 49 33
73	686	0.0	3	504 70 60 52
74	639	0.0	3	457 89 48 45
75	548	0.0	3	397 74 47 30
76	511	0.0	3	340 83 48 40
77	503	0.0	3	332 89 45 37
78	513	0.0	3	322 83 58 50
79	423	0.0	3	271 65 45 42
80	407	0.0	3	243 85 45 34
81	320	0.0	3	202 56 31 31
82	355	0.0	3	203 68 43 41
83	252	0.0	3	146 49 30 27
84	272	0.0	3	153 46 46 27
85	261	0.0	3	146 44 37 34
86	229	0.0	3	133 46 27 23
87	239	0.0	3	130 47 32 30
88	204	0.0	3	121 34 27 22
89	222	0.0	3	110 50 36 26
90	277	0.0	3	132 58 47 40
91	201	0.0	3	95 45 31 30
92	224	0.0	3	119 49 33 23
93	185	0.0	3	100 31 28 26
94	205	0.0	3	92 38 55 20
95	219	0.0	3	101 47 44 27
96	159	0.0	3	76 32 28 23
97	165	0.0	3	70 45 31 19
98	160	0.0	3	74 37 27 22
99	145	0.0	3	67 40 20 18
100	141	0.0	3	63 30 22 26
101	161	0.0	3	60 41 32 28
102	132	0.0	3	62 24 26 20
103	137	0.0	3	68 25 26 18
104	139	0.0	3	67 26 24 22
105	153	0.0	3	72 34 24 23
106	83	0.0	3	39 17 16 11
107	94	0.0	3	38 18 17 21
108	88	0.0	3	43 19 12 14
109	113	0.0	3	51 20 23 19
110	95	0.0	3	53 19 8 15
111	92	0.0	3	43 22 15 12
112	104	0.0	3	47 25 18 14
113	62	0.0	3	25 16 11 10
114	63	0.0	3	29 13 9 12
115	71	0.0	3	27 15 18 11
116	59	0.0	3	20 14 12 13
117	76	0.0	3	34 21 8 13
118	91	0.0	3	37 24 18 12
119	46	0.0	3	20 13 6 7
120	79	0.0	3	33 20 12 14
121	91	0.0	3	47 11 20 13
122	42	0.0	3	19 12 5 6
123	39	0.0	3	22 7 4 6
124	30	0.0	3	15 7 2 6
125	28	0.0	3	14 7 5 2
126	36	0.0	3	14 11 6 5
127	32	0.0	3	18 6 6 2
128	24	0.0	3	11 7 3 3
129	24	0.0	3	14 4 4 2
130	13	0.0	3	5 2 3 3
131	15	0.0	3	10 4 1
132	12	0.0	3	6 4 2
133	11	0.0	3	6 2 2 1
134	13	0.0	3	10 1 2
135	2	0.0	3	2
136	6	0.0	3	2 2 1 1
138	3	0.0	3	3
139	3	0.0	3	1 2
141	1	0.0	3	1
142	2	0.0	3	2
144	1	0.0	3	1
146	1	0.0	3	1
147	2	0.0	3	2
trimmer #1 is complete.
trimmer #2 is running.
This is cutadapt 5.1 with Python 3.12.11
Command line parameters: -a AGATCGGAAGAGCACACGTCTGAACTCCAGTCA -A AGATCGGAAGAGCGTCGTGTAGGGAAAGAGTGT -o /projects/bgmp/ewi/bioinfo/Bi623/Assignments/QAA/Campylomormyrus_rhynchophorus_rhy106_electric_organ_adult/r1_ADAPTER_REMOVED.fastq.gz -p /projects/bgmp/ewi/bioinfo/Bi623/Assignments/QAA/Campylomormyrus_rhynchophorus_rhy106_electric_organ_adult/r2_ADAPTER_REMOVED.fastq.gz /projects/bgmp/ewi/bioinfo/Bi623/Assignments/QAA/Campylomormyrus_rhynchophorus_rhy106_electric_organ_adult/3.1Gb_SAMN36982003_1.fastq.gz /projects/bgmp/ewi/bioinfo/Bi623/Assignments/QAA/Campylomormyrus_rhynchophorus_rhy106_electric_organ_adult/3.1Gb_SAMN36982003_2.fastq.gz
Processing paired-end reads on 1 core ...

=== Summary ===

Total read pairs processed:         42,944,774
  Read 1 with adapter:               4,970,443 (11.6%)
  Read 2 with adapter:               5,218,332 (12.2%)
Pairs written (passing filters):    42,944,774 (100.0%)

Total basepairs processed: 12,883,432,200 bp
  Read 1: 6,441,716,100 bp
  Read 2: 6,441,716,100 bp
Total written (filtered):  12,693,108,959 bp (98.5%)
  Read 1: 6,344,438,372 bp
  Read 2: 6,348,670,587 bp

=== First read: Adapter 1 ===

Sequence: AGATCGGAAGAGCACACGTCTGAACTCCAGTCA; Type: regular 3'; Length: 33; Trimmed: 4970443 times

Minimum overlap: 3
No. of allowed errors:
1-9 bp: 0; 10-19 bp: 1; 20-29 bp: 2; 30-33 bp: 3

Bases preceding removed adapters:
  A: 15.0%
  C: 24.5%
  G: 47.7%
  T: 12.6%
  none/other: 0.3%

Overview of removed sequences
length	count	expect	max.err	error counts
3	793508	671012.1	0	793508
4	295047	167753.0	0	295047
5	175917	41938.3	0	175917
6	143413	10484.6	0	143413
7	136848	2621.1	0	136848
8	133589	655.3	0	133589
9	133529	163.8	0	132820 709
10	130287	41.0	1	125656 4631
11	128916	10.2	1	124287 4629
12	122551	2.6	1	117799 4752
13	122750	0.6	1	117828 4922
14	119732	0.2	1	114894 4838
15	118135	0.0	1	113163 4972
16	112802	0.0	1	107840 4962
17	106429	0.0	1	101596 4833
18	103087	0.0	1	97982 5006 99
19	101145	0.0	1	95955 5029 161
20	98542	0.0	2	92455 5048 1039
21	94133	0.0	2	87966 4963 1204
22	92747	0.0	2	86556 5054 1137
23	88645	0.0	2	82595 4931 1119
24	86554	0.0	2	80608 4858 1088
25	82631	0.0	2	76550 5001 1080
26	78120	0.0	2	72320 4760 1040
27	75611	0.0	2	69994 4547 1044 26
28	72952	0.0	2	67324 4528 1045 55
29	69694	0.0	2	64180 4488 962 64
30	66170	0.0	3	60297 4527 928 418
31	63727	0.0	3	58079 4283 962 403
32	61082	0.0	3	55613 4168 897 404
33	58383	0.0	3	53370 3800 856 357
34	55959	0.0	3	51178 3611 819 351
35	52513	0.0	3	47992 3447 760 314
36	49413	0.0	3	44965 3372 735 341
37	48493	0.0	3	44169 3284 694 346
38	45890	0.0	3	41854 3035 687 314
39	43125	0.0	3	39272 2833 708 312
40	41382	0.0	3	37998 2609 541 234
41	39003	0.0	3	35651 2541 550 261
42	35785	0.0	3	32800 2271 494 220
43	34543	0.0	3	31459 2363 486 235
44	32353	0.0	3	29527 2168 450 208
45	30332	0.0	3	27807 1960 380 185
46	28719	0.0	3	26371 1791 385 172
47	26125	0.0	3	24037 1588 334 166
48	24741	0.0	3	22755 1518 323 145
49	23015	0.0	3	21021 1462 353 179
50	20966	0.0	3	19228 1288 319 131
51	19887	0.0	3	18270 1206 289 122
52	18825	0.0	3	17271 1165 271 118
53	17872	0.0	3	16365 1149 239 119
54	16095	0.0	3	14812 938 241 104
55	15251	0.0	3	13921 993 217 120
56	13726	0.0	3	12629 850 158 89
57	12909	0.0	3	11882 757 169 101
58	12083	0.0	3	11066 760 173 84
59	10757	0.0	3	9902 656 122 77
60	9801	0.0	3	8962 598 154 87
61	9230	0.0	3	8445 582 131 72
62	8114	0.0	3	7438 485 119 72
63	7638	0.0	3	6980 475 113 70
64	6760	0.0	3	6173 413 109 65
65	6522	0.0	3	5967 411 96 48
66	5777	0.0	3	5238 373 97 69
67	5671	0.0	3	5160 361 92 58
68	4979	0.0	3	4568 268 77 66
69	4448	0.0	3	4050 284 73 41
70	4188	0.0	3	3750 302 84 52
71	3828	0.0	3	3496 229 59 44
72	3174	0.0	3	2867 204 62 41
73	2994	0.0	3	2696 186 70 42
74	2707	0.0	3	2434 169 55 49
75	2473	0.0	3	2218 169 59 27
76	2250	0.0	3	2007 150 58 35
77	2116	0.0	3	1868 161 43 44
78	1955	0.0	3	1710 148 59 38
79	1804	0.0	3	1565 143 43 53
80	1740	0.0	3	1494 139 63 44
81	1469	0.0	3	1278 120 44 27
82	1322	0.0	3	1131 101 46 44
83	1205	0.0	3	1046 88 36 35
84	1086	0.0	3	919 91 48 28
85	1000	0.0	3	854 80 36 30
86	851	0.0	3	743 47 33 28
87	893	0.0	3	729 84 50 30
88	867	0.0	3	731 65 38 33
89	829	0.0	3	694 71 35 29
90	871	0.0	3	728 69 38 36
91	744	0.0	3	606 64 35 39
92	652	0.0	3	545 62 22 23
93	554	0.0	3	456 57 26 15
94	544	0.0	3	427 54 30 33
95	485	0.0	3	386 52 24 23
96	411	0.0	3	318 53 21 19
97	445	0.0	3	316 55 43 31
98	373	0.0	3	296 29 22 26
99	359	0.0	3	277 40 24 18
100	374	0.0	3	286 42 25 21
101	300	0.0	3	211 49 20 20
102	337	0.0	3	264 34 20 19
103	319	0.0	3	238 36 24 21
104	270	0.0	3	197 36 19 18
105	242	0.0	3	173 29 22 18
106	199	0.0	3	138 23 22 16
107	225	0.0	3	168 27 15 15
108	179	0.0	3	128 23 15 13
109	197	0.0	3	135 27 17 18
110	177	0.0	3	117 27 17 16
111	178	0.0	3	130 18 10 20
112	144	0.0	3	99 22 11 12
113	161	0.0	3	122 18 11 10
114	182	0.0	3	143 22 9 8
115	149	0.0	3	100 13 23 13
116	186	0.0	3	127 35 12 12
117	167	0.0	3	112 30 17 8
118	223	0.0	3	161 26 20 16
119	115	0.0	3	86 12 9 8
120	138	0.0	3	94 21 15 8
121	181	0.0	3	101 36 28 16
122	93	0.0	3	59 20 8 6
123	81	0.0	3	53 15 9 4
124	71	0.0	3	40 13 13 5
125	84	0.0	3	52 14 13 5
126	57	0.0	3	35 7 9 6
127	52	0.0	3	33 6 7 6
128	41	0.0	3	27 7 5 2
129	29	0.0	3	13 7 6 3
130	30	0.0	3	18 5 2 5
131	48	0.0	3	39 4 3 2
132	22	0.0	3	15 4 2 1
133	28	0.0	3	21 5 1 1
134	41	0.0	3	36 5
135	20	0.0	3	17 1 2
136	11	0.0	3	9 2
137	12	0.0	3	12
138	15	0.0	3	7 8
139	12	0.0	3	9 2 1
140	2	0.0	3	1 1
141	11	0.0	3	9 2
142	4	0.0	3	4
143	3	0.0	3	2 0 1
144	5	0.0	3	5
145	4	0.0	3	2 1 1
146	9	0.0	3	0 8 0 1
147	12	0.0	3	11 1
148	4	0.0	3	2 1 0 1
149	103	0.0	3	1 75 26 1
150	15329	0.0	3	62 14582 637 48


=== Second read: Adapter 2 ===

Sequence: AGATCGGAAGAGCGTCGTGTAGGGAAAGAGTGT; Type: regular 3'; Length: 33; Trimmed: 5218332 times

Minimum overlap: 3
No. of allowed errors:
1-9 bp: 0; 10-19 bp: 1; 20-29 bp: 2; 30-33 bp: 3

Bases preceding removed adapters:
  A: 13.4%
  C: 25.5%
  G: 48.3%
  T: 12.8%
  none/other: 0.0%

Overview of removed sequences
length	count	expect	max.err	error counts
3	1070933	671012.1	0	1070933
4	321163	167753.0	0	321163
5	183148	41938.3	0	183148
6	148874	10484.6	0	148874
7	140559	2621.1	0	140559
8	136460	655.3	0	136460
9	136008	163.8	0	134604 1404
10	131394	41.0	1	127960 3434
11	131097	10.2	1	127841 3256
12	123650	2.6	1	120925 2725
13	124797	0.6	1	122041 2756
14	120351	0.2	1	117646 2705
15	118943	0.0	1	116076 2867
16	113992	0.0	1	111135 2857
17	106969	0.0	1	104019 2950
18	104007	0.0	1	100230 3775 2
19	101869	0.0	1	98200 3636 33
20	98855	0.0	2	91769 6177 909
21	94394	0.0	2	86947 6455 992
22	92955	0.0	2	85213 6776 966
23	89050	0.0	2	81703 6345 1002
24	86773	0.0	2	79665 6238 870
25	82588	0.0	2	70094 10530 1964
26	77839	0.0	2	63444 11535 2860
27	74857	0.0	2	58509 12652 3689 7
28	72143	0.0	2	56970 11669 3497 7
29	67856	0.0	2	39638 19109 7695 1414
30	65262	0.0	3	38373 17373 7016 2500
31	61842	0.0	3	32927 15447 9310 4158
32	59250	0.0	3	31251 14798 9154 4047
33	53289	0.0	3	21247 12369 11435 8238
34	51020	0.0	3	20169 11930 11051 7870
35	48065	0.0	3	18815 11644 10441 7165
36	45390	0.0	3	17791 10943 9918 6738
37	44578	0.0	3	17685 10665 9626 6602
38	42265	0.0	3	16818 10120 9282 6045
39	39715	0.0	3	15545 9544 8837 5789
40	38293	0.0	3	15176 9092 8443 5582
41	36067	0.0	3	14362 8582 7820 5303
42	33421	0.0	3	13191 8159 7399 4672
43	32058	0.0	3	12889 7816 7002 4351
44	29945	0.0	3	11967 7185 6508 4285
45	28232	0.0	3	11451 6971 6106 3704
46	27037	0.0	3	10931 7305 5589 3212
47	24450	0.0	3	9950 6089 5200 3211
48	23304	0.0	3	9658 5947 4940 2759
49	21524	0.0	3	8926 5389 4571 2638
50	19615	0.0	3	8163 4885 4195 2372
51	18625	0.0	3	8103 4395 3843 2284
52	17683	0.0	3	7220 4410 3751 2302
53	16832	0.0	3	6971 4440 3465 1956
54	15203	0.0	3	6333 3908 3175 1787
55	14468	0.0	3	6079 3573 3059 1757
56	13020	0.0	3	5681 3284 2587 1468
57	12209	0.0	3	5193 3245 2426 1345
58	11472	0.0	3	4848 3125 2321 1178
59	10206	0.0	3	4552 2534 2028 1092
60	9304	0.0	3	4018 2413 1883 990
61	8746	0.0	3	3714 2227 1836 969
62	7687	0.0	3	3280 1944 1585 878
63	7261	0.0	3	3179 1837 1433 812
64	6451	0.0	3	2757 1722 1278 694
65	6202	0.0	3	2655 1605 1264 678
66	5523	0.0	3	2350 1451 1081 641
67	5424	0.0	3	2412 1441 1051 520
68	4752	0.0	3	2072 1258 914 508
69	4268	0.0	3	1848 1173 837 410
70	4000	0.0	3	1734 1108 775 383
71	3645	0.0	3	1633 936 722 354
72	3015	0.0	3	1341 795 585 294
73	2845	0.0	3	1232 769 571 273
74	2568	0.0	3	1164 674 470 260
75	2357	0.0	3	1030 648 441 238
76	2152	0.0	3	941 590 392 229
77	2008	0.0	3	876 579 366 187
78	1847	0.0	3	824 496 355 172
79	1709	0.0	3	669 516 320 204
80	1641	0.0	3	676 458 334 173
81	1383	0.0	3	591 401 236 155
82	1272	0.0	3	542 357 254 119
83	1123	0.0	3	464 303 234 122
84	1016	0.0	3	440 294 186 96
85	950	0.0	3	401 279 177 93
86	821	0.0	3	362 240 133 86
87	829	0.0	3	339 239 150 101
88	824	0.0	3	364 214 155 91
89	802	0.0	3	349 210 162 81
90	838	0.0	3	333 234 168 103
91	706	0.0	3	302 188 143 73
92	618	0.0	3	254 185 109 70
93	525	0.0	3	198 153 113 61
94	524	0.0	3	213 147 105 59
95	453	0.0	3	179 114 94 66
96	380	0.0	3	148 108 67 57
97	385	0.0	3	130 125 84 46
98	364	0.0	3	130 106 72 56
99	319	0.0	3	152 76 51 40
100	350	0.0	3	144 88 72 46
101	268	0.0	3	109 78 51 30
102	319	0.0	3	120 95 56 48
103	296	0.0	3	102 89 75 30
104	239	0.0	3	94 64 40 41
105	217	0.0	3	72 58 39 48
106	168	0.0	3	57 55 34 22
107	203	0.0	3	72 59 46 26
108	141	0.0	3	61 32 29 19
109	179	0.0	3	65 47 36 31
110	156	0.0	3	60 46 21 29
111	145	0.0	3	54 51 26 14
112	128	0.0	3	42 45 24 17
113	151	0.0	3	49 43 32 27
114	170	0.0	3	64 58 35 13
115	131	0.0	3	45 46 27 13
116	175	0.0	3	57 53 41 24
117	139	0.0	3	48 42 32 17
118	196	0.0	3	65 80 26 25
119	92	0.0	3	34 24 20 14
120	109	0.0	3	34 29 23 23
121	143	0.0	3	50 38 31 24
122	89	0.0	3	21 26 23 19
123	66	0.0	3	16 23 14 13
124	56	0.0	3	14 19 13 10
125	67	0.0	3	15 20 17 15
126	45	0.0	3	15 12 11 7
127	41	0.0	3	14 10 7 10
128	32	0.0	3	10 13 5 4
129	21	0.0	3	5 7 4 5
130	23	0.0	3	4 8 8 3
131	42	0.0	3	9 22 8 3
132	18	0.0	3	3 5 7 3
133	23	0.0	3	8 9 4 2
134	40	0.0	3	23 10 6 1
135	18	0.0	3	4 9 4 1
136	10	0.0	3	1 5 4
137	11	0.0	3	4 5 1 1
138	10	0.0	3	7 2 1
139	9	0.0	3	5 3 1
140	1	0.0	3	1
141	9	0.0	3	2 5 1 1
142	4	0.0	3	2 2
143	2	0.0	3	2
144	5	0.0	3	2 3
145	2	0.0	3	2
146	6	0.0	3	0 6
147	11	0.0	3	4 5 1 1
148	1	0.0	3	1
149	1	0.0	3	1
150	153	0.0	3	38 75 26 14
trimmer #2 is complete.
